<html>
<head>
<title>TestNG:  Test</title>
<link href="../testng.css" rel="stylesheet" type="text/css" />
<link href="../my-testng.css" rel="stylesheet" type="text/css" />

<style type="text/css">
.log { display: none;} 
.stack-trace { display: none;} 
</style>
<script type="text/javascript">
<!--
function flip(e) {
  current = e.style.display;
  if (current == 'block') {
    e.style.display = 'none';
    return 0;
  }
  else {
    e.style.display = 'block';
    return 1;
  }
}

function toggleBox(szDivId, elem, msg1, msg2)
{
  var res = -1;  if (document.getElementById) {
    res = flip(document.getElementById(szDivId));
  }
  else if (document.all) {
    // this is the way old msie versions work
    res = flip(document.all[szDivId]);
  }
  if(elem) {
    if(res == 0) elem.innerHTML = msg1; else elem.innerHTML = msg2;
  }

}

function toggleAllBoxes() {
  if (document.getElementsByTagName) {
    d = document.getElementsByTagName('div');
    for (i = 0; i < d.length; i++) {
      if (d[i].className == 'log') {
        flip(d[i]);
      }
    }
  }
}

// -->
</script>

</head>
<body>
<h2 align='center'>Test</h2><table border='1' align="center">
<tr>
<td>Tests passed/Failed/Skipped:</td><td>22/2/0</td>
</tr><tr>
<td>Started on:</td><td>Fri Apr 21 12:35:59 EDT 2023</td>
</tr>
<tr><td>Total time:</td><td>71 seconds (71737 ms)</td>
</tr><tr>
<td>Included groups:</td><td></td>
</tr><tr>
<td>Excluded groups:</td><td></td>
</tr>
</table><p/>
<small><i>(Hover the method name to see the test class name)</i></small><p/>
<table width='100%' border='1' class='invocation-failed'>
<tr><td colspan='4' align='center'><b>FAILED TESTS</b></td></tr>
<tr><td><b>Test method</b></td>
<td width="30%"><b>Exception</b></td>
<td width="10%"><b>Time (seconds)</b></td>
<td><b>Instance</b></td>
</tr>
<tr>
<td title='com.dsalgo.qa.testcase.HomePageTest.UserSelectValueFromDropdownClickGetStartedWithoutLoginGetErrorMsg()'><b>UserSelectValueFromDropdownClickGetStartedWithoutLoginGetErrorMsg</b><br>Test class: com.dsalgo.qa.testcase.HomePageTest<br>Test method: Verify user got Error message on clicking GetStarted button after selecting value from dropdown without Login </td>
<td><div><pre>org.openqa.selenium.ElementNotInteractableException: element not interactable
  (Session info: chrome=112.0.5615.86)
Build info: version: &apos;4.6.0&apos;, revision: &apos;79f1c02ae20&apos;
System info: os.name: &apos;Windows 11&apos;, os.arch: &apos;amd64&apos;, os.version: &apos;10.0&apos;, java.version: &apos;17.0.2&apos;
Driver info: org.openqa.selenium.chrome.ChromeDriver
Command: [5ebcca0ec749d916c822ebcda92c0236, clickElement {id=fb14e3b4-454c-41c4-bb4e-9a64e5785402}]
Capabilities {acceptInsecureCerts: false, browserName: chrome, browserVersion: 112.0.5615.86, chrome: {chromedriverVersion: 112.0.5615.49 (bd2a7bcb881c..., userDataDir: C:\Users\bassa\AppData\Loca...}, goog:chromeOptions: {debuggerAddress: localhost:53713}, networkConnectionEnabled: false, pageLoadStrategy: normal, platformName: WINDOWS, proxy: Proxy(), se:cdp: ws://localhost:53713/devtoo..., se:cdpVersion: 112.0.5615.86, setWindowRect: true, strictFileInteractability: false, timeouts: {implicit: 0, pageLoad: 300000, script: 30000}, unhandledPromptBehavior: dismiss and notify, webauthn:extension:credBlob: true, webauthn:extension:largeBlob: true, webauthn:extension:minPinLength: true, webauthn:extension:prf: true, webauthn:virtualAuthenticators: true}
Element: [[ChromeDriver: chrome on WINDOWS (5ebcca0ec749d916c822ebcda92c0236)] -&gt; xpath: //a[@class=&apos;dropdown-item&apos; and @href=&apos;/array&apos;]]
Session ID: 5ebcca0ec749d916c822ebcda92c0236
	at org.openqa.selenium.remote.codec.w3c.W3CHttpResponseCodec.createException(W3CHttpResponseCodec.java:200)
	at org.openqa.selenium.remote.codec.w3c.W3CHttpResponseCodec.decode(W3CHttpResponseCodec.java:133)
	at org.openqa.selenium.remote.codec.w3c.W3CHttpResponseCodec.decode(W3CHttpResponseCodec.java:53)
	at org.openqa.selenium.remote.HttpCommandExecutor.execute(HttpCommandExecutor.java:184)
	at org.openqa.selenium.remote.service.DriverCommandExecutor.invokeExecute(DriverCommandExecutor.java:167)
	at org.openqa.selenium.remote.service.DriverCommandExecutor.execute(DriverCommandExecutor.java:142)
	at org.openqa.selenium.remote.RemoteWebDriver.execute(RemoteWebDriver.java:541)
	at org.openqa.selenium.remote.RemoteWebElement.execute(RemoteWebElement.java:257)
	at org.openqa.selenium.remote.RemoteWebElement.click(RemoteWebElement.java:78)
	at org.openqa.selenium.support.pagefactory.internal.LocatingElementHandler.invoke(LocatingElementHandler.java:52)
	at jdk.proxy2/jdk.proxy2.$Proxy35.click(Unknown Source)
	at com.dsalgo.qa.pages.HomePage.selectValueFromdropdown(HomePage.java:162)
	at com.dsalgo.qa.testcase.HomePageTest.UserSelectValueFromDropdownClickGetStartedWithoutLoginGetErrorMsg(HomePageTest.java:93)
	at java.base/java.util.ArrayList.forEach(ArrayList.java:1511)
... Removed 35 stack frames</pre></div><a href='#' onClick='toggleBox("stack-trace980567009", this, "Click to show all stack frames", "Click to hide stack frames")'>Click to show all stack frames</a>
<div class='stack-trace' id='stack-trace980567009'><pre>org.openqa.selenium.ElementNotInteractableException: element not interactable
  (Session info: chrome=112.0.5615.86)
Build info: version: &apos;4.6.0&apos;, revision: &apos;79f1c02ae20&apos;
System info: os.name: &apos;Windows 11&apos;, os.arch: &apos;amd64&apos;, os.version: &apos;10.0&apos;, java.version: &apos;17.0.2&apos;
Driver info: org.openqa.selenium.chrome.ChromeDriver
Command: [5ebcca0ec749d916c822ebcda92c0236, clickElement {id=fb14e3b4-454c-41c4-bb4e-9a64e5785402}]
Capabilities {acceptInsecureCerts: false, browserName: chrome, browserVersion: 112.0.5615.86, chrome: {chromedriverVersion: 112.0.5615.49 (bd2a7bcb881c..., userDataDir: C:\Users\bassa\AppData\Loca...}, goog:chromeOptions: {debuggerAddress: localhost:53713}, networkConnectionEnabled: false, pageLoadStrategy: normal, platformName: WINDOWS, proxy: Proxy(), se:cdp: ws://localhost:53713/devtoo..., se:cdpVersion: 112.0.5615.86, setWindowRect: true, strictFileInteractability: false, timeouts: {implicit: 0, pageLoad: 300000, script: 30000}, unhandledPromptBehavior: dismiss and notify, webauthn:extension:credBlob: true, webauthn:extension:largeBlob: true, webauthn:extension:minPinLength: true, webauthn:extension:prf: true, webauthn:virtualAuthenticators: true}
Element: [[ChromeDriver: chrome on WINDOWS (5ebcca0ec749d916c822ebcda92c0236)] -&gt; xpath: //a[@class=&apos;dropdown-item&apos; and @href=&apos;/array&apos;]]
Session ID: 5ebcca0ec749d916c822ebcda92c0236
	at java.base/jdk.internal.reflect.NativeConstructorAccessorImpl.newInstance0(Native Method)
	at java.base/jdk.internal.reflect.NativeConstructorAccessorImpl.newInstance(NativeConstructorAccessorImpl.java:77)
	at java.base/jdk.internal.reflect.DelegatingConstructorAccessorImpl.newInstance(DelegatingConstructorAccessorImpl.java:45)
	at java.base/java.lang.reflect.Constructor.newInstanceWithCaller(Constructor.java:499)
	at java.base/java.lang.reflect.Constructor.newInstance(Constructor.java:480)
	at org.openqa.selenium.remote.codec.w3c.W3CHttpResponseCodec.createException(W3CHttpResponseCodec.java:200)
	at org.openqa.selenium.remote.codec.w3c.W3CHttpResponseCodec.decode(W3CHttpResponseCodec.java:133)
	at org.openqa.selenium.remote.codec.w3c.W3CHttpResponseCodec.decode(W3CHttpResponseCodec.java:53)
	at org.openqa.selenium.remote.HttpCommandExecutor.execute(HttpCommandExecutor.java:184)
	at org.openqa.selenium.remote.service.DriverCommandExecutor.invokeExecute(DriverCommandExecutor.java:167)
	at org.openqa.selenium.remote.service.DriverCommandExecutor.execute(DriverCommandExecutor.java:142)
	at org.openqa.selenium.remote.RemoteWebDriver.execute(RemoteWebDriver.java:541)
	at org.openqa.selenium.remote.RemoteWebElement.execute(RemoteWebElement.java:257)
	at org.openqa.selenium.remote.RemoteWebElement.click(RemoteWebElement.java:78)
	at jdk.internal.reflect.GeneratedMethodAccessor3.invoke(Unknown Source)
	at java.base/jdk.internal.reflect.DelegatingMethodAccessorImpl.invoke(DelegatingMethodAccessorImpl.java:43)
	at java.base/java.lang.reflect.Method.invoke(Method.java:568)
	at org.openqa.selenium.support.pagefactory.internal.LocatingElementHandler.invoke(LocatingElementHandler.java:52)
	at jdk.proxy2/jdk.proxy2.$Proxy35.click(Unknown Source)
	at com.dsalgo.qa.pages.HomePage.selectValueFromdropdown(HomePage.java:162)
	at com.dsalgo.qa.testcase.HomePageTest.UserSelectValueFromDropdownClickGetStartedWithoutLoginGetErrorMsg(HomePageTest.java:93)
	at java.base/jdk.internal.reflect.NativeMethodAccessorImpl.invoke0(Native Method)
	at java.base/jdk.internal.reflect.NativeMethodAccessorImpl.invoke(NativeMethodAccessorImpl.java:77)
	at java.base/jdk.internal.reflect.DelegatingMethodAccessorImpl.invoke(DelegatingMethodAccessorImpl.java:43)
	at java.base/java.lang.reflect.Method.invoke(Method.java:568)
	at org.testng.internal.MethodInvocationHelper.invokeMethod(MethodInvocationHelper.java:133)
	at org.testng.internal.TestInvoker.invokeMethod(TestInvoker.java:598)
	at org.testng.internal.TestInvoker.invokeTestMethod(TestInvoker.java:173)
	at org.testng.internal.MethodRunner.runInSequence(MethodRunner.java:46)
	at org.testng.internal.TestInvoker$MethodInvocationAgent.invoke(TestInvoker.java:824)
	at org.testng.internal.TestInvoker.invokeTestMethods(TestInvoker.java:146)
	at org.testng.internal.TestMethodWorker.invokeTestMethods(TestMethodWorker.java:146)
	at org.testng.internal.TestMethodWorker.run(TestMethodWorker.java:128)
	at java.base/java.util.ArrayList.forEach(ArrayList.java:1511)
	at org.testng.TestRunner.privateRun(TestRunner.java:794)
	at org.testng.TestRunner.run(TestRunner.java:596)
	at org.testng.SuiteRunner.runTest(SuiteRunner.java:377)
	at org.testng.SuiteRunner.runSequentially(SuiteRunner.java:371)
	at org.testng.SuiteRunner.privateRun(SuiteRunner.java:332)
	at org.testng.SuiteRunner.run(SuiteRunner.java:276)
	at org.testng.SuiteRunnerWorker.runSuite(SuiteRunnerWorker.java:53)
	at org.testng.SuiteRunnerWorker.run(SuiteRunnerWorker.java:96)
	at org.testng.TestNG.runSuitesSequentially(TestNG.java:1212)
	at org.testng.TestNG.runSuitesLocally(TestNG.java:1134)
	at org.testng.TestNG.runSuites(TestNG.java:1063)
	at org.testng.TestNG.run(TestNG.java:1031)
	at org.testng.remote.AbstractRemoteTestNG.run(AbstractRemoteTestNG.java:115)
	at org.testng.remote.RemoteTestNG.initAndRun(RemoteTestNG.java:251)
	at org.testng.remote.RemoteTestNG.main(RemoteTestNG.java:77)
</pre></div></td>
<td>10</td>
<td>com.dsalgo.qa.testcase.HomePageTest@24f870ee</td></tr>
<tr>
<td title='com.dsalgo.qa.testcase.SignInPageTest.VerifyUserLogin()'><b>VerifyUserLogin</b><br>Test class: com.dsalgo.qa.testcase.SignInPageTest<br>Test method: Verifying SignIn Page Link test</td>
<td><div><pre>java.lang.AssertionError: expected [https://dsportalapp.herokuapp.com/logins] but found [https://dsportalapp.herokuapp.com/login]
	at com.dsalgo.qa.testcase.SignInPageTest.VerifyUserLogin(SignInPageTest.java:65)
	at java.base/java.util.ArrayList.forEach(ArrayList.java:1511)
... Removed 33 stack frames</pre></div><a href='#' onClick='toggleBox("stack-trace1832606178", this, "Click to show all stack frames", "Click to hide stack frames")'>Click to show all stack frames</a>
<div class='stack-trace' id='stack-trace1832606178'><pre>java.lang.AssertionError: expected [https://dsportalapp.herokuapp.com/logins] but found [https://dsportalapp.herokuapp.com/login]
	at org.testng.Assert.fail(Assert.java:99)
	at org.testng.Assert.failNotEquals(Assert.java:1037)
	at org.testng.Assert.assertEqualsImpl(Assert.java:140)
	at org.testng.Assert.assertEquals(Assert.java:122)
	at org.testng.Assert.assertEquals(Assert.java:629)
	at org.testng.Assert.assertEquals(Assert.java:639)
	at com.dsalgo.qa.testcase.SignInPageTest.VerifyUserLogin(SignInPageTest.java:65)
	at java.base/jdk.internal.reflect.NativeMethodAccessorImpl.invoke0(Native Method)
	at java.base/jdk.internal.reflect.NativeMethodAccessorImpl.invoke(NativeMethodAccessorImpl.java:77)
	at java.base/jdk.internal.reflect.DelegatingMethodAccessorImpl.invoke(DelegatingMethodAccessorImpl.java:43)
	at java.base/java.lang.reflect.Method.invoke(Method.java:568)
	at org.testng.internal.MethodInvocationHelper.invokeMethod(MethodInvocationHelper.java:133)
	at org.testng.internal.TestInvoker.invokeMethod(TestInvoker.java:598)
	at org.testng.internal.TestInvoker.invokeTestMethod(TestInvoker.java:173)
	at org.testng.internal.MethodRunner.runInSequence(MethodRunner.java:46)
	at org.testng.internal.TestInvoker$MethodInvocationAgent.invoke(TestInvoker.java:824)
	at org.testng.internal.TestInvoker.invokeTestMethods(TestInvoker.java:146)
	at org.testng.internal.TestMethodWorker.invokeTestMethods(TestMethodWorker.java:146)
	at org.testng.internal.TestMethodWorker.run(TestMethodWorker.java:128)
	at java.base/java.util.ArrayList.forEach(ArrayList.java:1511)
	at org.testng.TestRunner.privateRun(TestRunner.java:794)
	at org.testng.TestRunner.run(TestRunner.java:596)
	at org.testng.SuiteRunner.runTest(SuiteRunner.java:377)
	at org.testng.SuiteRunner.runSequentially(SuiteRunner.java:371)
	at org.testng.SuiteRunner.privateRun(SuiteRunner.java:332)
	at org.testng.SuiteRunner.run(SuiteRunner.java:276)
	at org.testng.SuiteRunnerWorker.runSuite(SuiteRunnerWorker.java:53)
	at org.testng.SuiteRunnerWorker.run(SuiteRunnerWorker.java:96)
	at org.testng.TestNG.runSuitesSequentially(TestNG.java:1212)
	at org.testng.TestNG.runSuitesLocally(TestNG.java:1134)
	at org.testng.TestNG.runSuites(TestNG.java:1063)
	at org.testng.TestNG.run(TestNG.java:1031)
	at org.testng.remote.AbstractRemoteTestNG.run(AbstractRemoteTestNG.java:115)
	at org.testng.remote.RemoteTestNG.initAndRun(RemoteTestNG.java:251)
	at org.testng.remote.RemoteTestNG.main(RemoteTestNG.java:77)
</pre></div></td>
<td>0</td>
<td>com.dsalgo.qa.testcase.SignInPageTest@136965e3</td></tr>
</table><p>
<table width='100%' border='1' class='invocation-passed'>
<tr><td colspan='4' align='center'><b>PASSED TESTS</b></td></tr>
<tr><td><b>Test method</b></td>
<td width="30%"><b>Exception</b></td>
<td width="10%"><b>Time (seconds)</b></td>
<td><b>Instance</b></td>
</tr>
<tr>
<td title='com.dsalgo.qa.testcase.ArrayPageTest.ArrayPageValidationTest()'><b>ArrayPageValidationTest</b><br>Test class: com.dsalgo.qa.testcase.ArrayPageTest<br>Parameters: dsalgoproject81, Project321@</td>
<td></td>
<td>2</td>
<td>com.dsalgo.qa.testcase.ArrayPageTest@5ed4bc</td></tr>
<tr>
<td title='com.dsalgo.qa.testcase.SignInPageTest.ClickRegisterLnkSignInPageValidationTest()'><b>ClickRegisterLnkSignInPageValidationTest</b><br>Test class: com.dsalgo.qa.testcase.SignInPageTest</td>
<td></td>
<td>0</td>
<td>com.dsalgo.qa.testcase.SignInPageTest@136965e3</td></tr>
<tr>
<td title='com.dsalgo.qa.testcase.RegisterPageTest.ClickRegisterBtnWithDifferentPasswordsTest()'><b>ClickRegisterBtnWithDifferentPasswordsTest</b><br>Test class: com.dsalgo.qa.testcase.RegisterPageTest<br>Parameters: dsalgoproject81, Project321@, Project321@</td>
<td></td>
<td>0</td>
<td>com.dsalgo.qa.testcase.RegisterPageTest@69923ac3</td></tr>
<tr>
<td title='com.dsalgo.qa.testcase.GetStartedTest.validateUserLandingHomePageTest()'><b>validateUserLandingHomePageTest</b><br>Test class: com.dsalgo.qa.testcase.GetStartedTest<br>Test method: Verify user landed on Home Page after clicking Get Started button</td>
<td></td>
<td>0</td>
<td>com.dsalgo.qa.testcase.GetStartedTest@73d60e76</td></tr>
<tr>
<td title='com.dsalgo.qa.testcase.SignInPageTest.LoginUserwithValidCredentialsValidationTest()'><b>LoginUserwithValidCredentialsValidationTest</b><br>Test class: com.dsalgo.qa.testcase.SignInPageTest<br>Test method: Verifying user is able to login with valid credentials<br>Parameters: dsalgoproject81, Project321@</td>
<td></td>
<td>0</td>
<td>com.dsalgo.qa.testcase.SignInPageTest@136965e3</td></tr>
<tr>
<td title='com.dsalgo.qa.testcase.SignInPageTest.ClickSignoutLnkValidationTest()'><b>ClickSignoutLnkValidationTest</b><br>Test class: com.dsalgo.qa.testcase.SignInPageTest<br>Parameters: dsalgoproject81, Project321@</td>
<td></td>
<td>0</td>
<td>com.dsalgo.qa.testcase.SignInPageTest@136965e3</td></tr>
<tr>
<td title='com.dsalgo.qa.testcase.LinkedListPageTest.VerifyUserLandedLinkedListPage()'><b>VerifyUserLandedLinkedListPage</b><br>Test class: com.dsalgo.qa.testcase.LinkedListPageTest<br>Test method: Linked list page verification<br>Parameters: dsalgoproject81, Project321@</td>
<td></td>
<td>2</td>
<td>com.dsalgo.qa.testcase.LinkedListPageTest@7f1ef916</td></tr>
<tr>
<td title='com.dsalgo.qa.testcase.RegisterPageTest.RegisterErrorEmptyfieldBelowPasswordTxtbox()'><b>RegisterErrorEmptyfieldBelowPasswordTxtbox</b><br>Test class: com.dsalgo.qa.testcase.RegisterPageTest<br>Parameters: dsalgoproject81, Project321@, Project321@</td>
<td></td>
<td>0</td>
<td>com.dsalgo.qa.testcase.RegisterPageTest@69923ac3</td></tr>
<tr>
<td title='com.dsalgo.qa.testcase.HomePageTest.ValidateUserLandedLoginPageClickingLoginBtn()'><b>ValidateUserLandedLoginPageClickingLoginBtn</b><br>Test class: com.dsalgo.qa.testcase.HomePageTest<br>Test method: Clicking on Login link on Home Page</td>
<td></td>
<td>0</td>
<td>com.dsalgo.qa.testcase.HomePageTest@24f870ee</td></tr>
<tr>
<td title='com.dsalgo.qa.testcase.QueuePageTest.VerifyUserLandedPage()'><b>VerifyUserLandedPage</b><br>Test class: com.dsalgo.qa.testcase.QueuePageTest<br>Test method: Queue page verification<br>Parameters: dsalgoproject81, Project321@</td>
<td></td>
<td>2</td>
<td>com.dsalgo.qa.testcase.QueuePageTest@1886991b</td></tr>
<tr>
<td title='com.dsalgo.qa.testcase.GetStartedTest.getStartedButtonClickTest()'><b>getStartedButtonClickTest</b><br>Test class: com.dsalgo.qa.testcase.GetStartedTest<br>Test method: Clicking on Get Started button</td>
<td></td>
<td>0</td>
<td>com.dsalgo.qa.testcase.GetStartedTest@73d60e76</td></tr>
<tr>
<td title='com.dsalgo.qa.testcase.RegisterPageTest.ClickRegisterBtnWithEmptyFieldsTest()'><b>ClickRegisterBtnWithEmptyFieldsTest</b><br>Test class: com.dsalgo.qa.testcase.RegisterPageTest</td>
<td></td>
<td>0</td>
<td>com.dsalgo.qa.testcase.RegisterPageTest@69923ac3</td></tr>
<tr>
<td title='com.dsalgo.qa.testcase.HomePageTest.VerifyUserLandedHomePageTest()'><b>VerifyUserLandedHomePageTest</b><br>Test class: com.dsalgo.qa.testcase.HomePageTest<br>Test method: Verifying user landed on home page after clicking on Get Started button</td>
<td></td>
<td>0</td>
<td>com.dsalgo.qa.testcase.HomePageTest@24f870ee</td></tr>
<tr>
<td title='com.dsalgo.qa.testcase.HomePageTest.UserClicksGetStartedBtnWithoutLoginGetErrorMsg()'><b>UserClicksGetStartedBtnWithoutLoginGetErrorMsg</b><br>Test class: com.dsalgo.qa.testcase.HomePageTest<br>Test method: Verify user got Error message on clicking GetStarted button under any Data Structure without Login</td>
<td></td>
<td>0</td>
<td>com.dsalgo.qa.testcase.HomePageTest@24f870ee</td></tr>
<tr>
<td title='com.dsalgo.qa.testcase.SignInPageTest.LoginUserWithInvalidCredentialsValidationTest()'><b>LoginUserWithInvalidCredentialsValidationTest</b><br>Test class: com.dsalgo.qa.testcase.SignInPageTest<br>Test method: Verifying User fails to login on entering invalid username,password and clicking on Login button<br>Parameters: dsalgoproject81, Project321@</td>
<td></td>
<td>0</td>
<td>com.dsalgo.qa.testcase.SignInPageTest@136965e3</td></tr>
<tr>
<td title='com.dsalgo.qa.testcase.TreePageTest.TreePageValidationTest()'><b>TreePageValidationTest</b><br>Test class: com.dsalgo.qa.testcase.TreePageTest<br>Parameters: dsalgoproject81, Project321@</td>
<td></td>
<td>2</td>
<td>com.dsalgo.qa.testcase.TreePageTest@5c441290</td></tr>
<tr>
<td title='com.dsalgo.qa.testcase.GraphPageTest.GraphPageValidationTest()'><b>GraphPageValidationTest</b><br>Test class: com.dsalgo.qa.testcase.GraphPageTest<br>Parameters: dsalgoproject81, Project321@</td>
<td></td>
<td>2</td>
<td>com.dsalgo.qa.testcase.GraphPageTest@3c78e551</td></tr>
<tr>
<td title='com.dsalgo.qa.testcase.HomePageTest.ValidateUserLandedRegisterPageClickingRegisterBtn()'><b>ValidateUserLandedRegisterPageClickingRegisterBtn</b><br>Test class: com.dsalgo.qa.testcase.HomePageTest<br>Test method: Clicking on Register Link on Home Page</td>
<td></td>
<td>0</td>
<td>com.dsalgo.qa.testcase.HomePageTest@24f870ee</td></tr>
<tr>
<td title='com.dsalgo.qa.testcase.RegisterPageTest.VerifyUserLandedRegisterPageTest()'><b>VerifyUserLandedRegisterPageTest</b><br>Test class: com.dsalgo.qa.testcase.RegisterPageTest</td>
<td></td>
<td>0</td>
<td>com.dsalgo.qa.testcase.RegisterPageTest@69923ac3</td></tr>
<tr>
<td title='com.dsalgo.qa.testcase.StackPageTest.VerifyUserLandedStackPage()'><b>VerifyUserLandedStackPage</b><br>Test class: com.dsalgo.qa.testcase.StackPageTest<br>Test method: Stack page verification<br>Parameters: dsalgoproject81, Project321@</td>
<td></td>
<td>2</td>
<td>com.dsalgo.qa.testcase.StackPageTest@64aad809</td></tr>
<tr>
<td title='com.dsalgo.qa.testcase.RegisterPageTest.RegisterNewUserTest()'><b>RegisterNewUserTest</b><br>Test class: com.dsalgo.qa.testcase.RegisterPageTest<br>Parameters: dsalgoproject81, Project321@, Project321@</td>
<td></td>
<td>0</td>
<td>com.dsalgo.qa.testcase.RegisterPageTest@69923ac3</td></tr>
<tr>
<td title='com.dsalgo.qa.testcase.DataStructurePageTest.DataStructureValidationTest()'><b>DataStructureValidationTest</b><br>Test class: com.dsalgo.qa.testcase.DataStructurePageTest<br>Parameters: dsalgoproject81, Project321@</td>
<td></td>
<td>1</td>
<td>com.dsalgo.qa.testcase.DataStructurePageTest@1f1ff879</td></tr>
</table><p>
</body>
</html>