<?xml version="1.0" encoding="UTF-8"?>
<!-- Generated by org.testng.reporters.JUnitXMLReporter -->
<testsuite ignored="0" hostname="amanpc" failures="2" tests="24" name="Test" time="71.359" errors="0" timestamp="2023-05-19T16:27:31 EDT">
  <testcase classname="com.dsalgo.qa.testcase.GetStartedTest" name="getStartedButtonClickTest" time="0.302"/>
  <testcase classname="com.dsalgo.qa.testcase.GetStartedTest" name="validateUserLandingHomePageTest" time="0.015"/>
  <testcase classname="com.dsalgo.qa.testcase.HomePageTest" name="VerifyUserLandedHomePageTest" time="0.01"/>
  <testcase classname="com.dsalgo.qa.testcase.HomePageTest" name="ValidateUserLandedLoginPageClickingLoginBtn" time="0.136"/>
  <testcase classname="com.dsalgo.qa.testcase.HomePageTest" name="ValidateUserLandedRegisterPageClickingRegisterBtn" time="0.137"/>
  <testcase classname="com.dsalgo.qa.testcase.HomePageTest" name="UserClicksGetStartedBtnWithoutLoginGetErrorMsg" time="0.229"/>
  <testcase classname="com.dsalgo.qa.testcase.HomePageTest" name="UserSelectValueFromDropdownClickGetStartedWithoutLoginGetErrorMsg" time="10.054">
    <failure type="org.openqa.selenium.ElementNotInteractableException" message="element not interactable
  (Session info: chrome=113.0.5672.127)
Build info: version: &amp;apos;4.8.3&amp;apos;, revision: &amp;apos;e5e76298c3&amp;apos;
System info: os.name: &amp;apos;Windows 11&amp;apos;, os.arch: &amp;apos;amd64&amp;apos;, os.version: &amp;apos;10.0&amp;apos;, java.version: &amp;apos;17.0.2&amp;apos;
Driver info: org.openqa.selenium.chrome.ChromeDriver
Command: [9dd030877a2213ea74c706e96a4ea9ba, clickElement {id=3C97F5FC8B6488433D0AE0EC73636B83_element_8}]
Capabilities {acceptInsecureCerts: false, browserName: chrome, browserVersion: 113.0.5672.127, chrome: {chromedriverVersion: 113.0.5672.63 (0e1a4471d5ae..., userDataDir: C:\Users\bassa\AppData\Loca...}, goog:chromeOptions: {debuggerAddress: localhost:64660}, networkConnectionEnabled: false, pageLoadStrategy: normal, platformName: WINDOWS, proxy: Proxy(), se:cdp: ws://localhost:64660/devtoo..., se:cdpVersion: 113.0.5672.127, setWindowRect: true, strictFileInteractability: false, timeouts: {implicit: 0, pageLoad: 300000, script: 30000}, unhandledPromptBehavior: dismiss and notify, webauthn:extension:credBlob: true, webauthn:extension:largeBlob: true, webauthn:extension:minPinLength: true, webauthn:extension:prf: true, webauthn:virtualAuthenticators: true}
Element: [[ChromeDriver: chrome on WINDOWS (9dd030877a2213ea74c706e96a4ea9ba)] -&amp;gt; xpath: //a[@class=&amp;apos;dropdown-item&amp;apos; and @href=&amp;apos;/array&amp;apos;]]
Session ID: 9dd030877a2213ea74c706e96a4ea9ba">
      <![CDATA[org.openqa.selenium.ElementNotInteractableException: element not interactable
  (Session info: chrome=113.0.5672.127)
Build info: version: '4.8.3', revision: 'e5e76298c3'
System info: os.name: 'Windows 11', os.arch: 'amd64', os.version: '10.0', java.version: '17.0.2'
Driver info: org.openqa.selenium.chrome.ChromeDriver
Command: [9dd030877a2213ea74c706e96a4ea9ba, clickElement {id=3C97F5FC8B6488433D0AE0EC73636B83_element_8}]
Capabilities {acceptInsecureCerts: false, browserName: chrome, browserVersion: 113.0.5672.127, chrome: {chromedriverVersion: 113.0.5672.63 (0e1a4471d5ae..., userDataDir: C:\Users\bassa\AppData\Loca...}, goog:chromeOptions: {debuggerAddress: localhost:64660}, networkConnectionEnabled: false, pageLoadStrategy: normal, platformName: WINDOWS, proxy: Proxy(), se:cdp: ws://localhost:64660/devtoo..., se:cdpVersion: 113.0.5672.127, setWindowRect: true, strictFileInteractability: false, timeouts: {implicit: 0, pageLoad: 300000, script: 30000}, unhandledPromptBehavior: dismiss and notify, webauthn:extension:credBlob: true, webauthn:extension:largeBlob: true, webauthn:extension:minPinLength: true, webauthn:extension:prf: true, webauthn:virtualAuthenticators: true}
Element: [[ChromeDriver: chrome on WINDOWS (9dd030877a2213ea74c706e96a4ea9ba)] -> xpath: //a[@class='dropdown-item' and @href='/array']]
Session ID: 9dd030877a2213ea74c706e96a4ea9ba
at org.openqa.selenium.remote.codec.w3c.W3CHttpResponseCodec.createException(W3CHttpResponseCodec.java:200)
at org.openqa.selenium.remote.codec.w3c.W3CHttpResponseCodec.decode(W3CHttpResponseCodec.java:133)
at org.openqa.selenium.remote.codec.w3c.W3CHttpResponseCodec.decode(W3CHttpResponseCodec.java:53)
at org.openqa.selenium.remote.HttpCommandExecutor.execute(HttpCommandExecutor.java:193)
at org.openqa.selenium.remote.service.DriverCommandExecutor.invokeExecute(DriverCommandExecutor.java:183)
at org.openqa.selenium.remote.service.DriverCommandExecutor.execute(DriverCommandExecutor.java:158)
at org.openqa.selenium.remote.RemoteWebDriver.execute(RemoteWebDriver.java:543)
at org.openqa.selenium.remote.RemoteWebElement.execute(RemoteWebElement.java:257)
at org.openqa.selenium.remote.RemoteWebElement.click(RemoteWebElement.java:78)
at org.openqa.selenium.support.pagefactory.internal.LocatingElementHandler.invoke(LocatingElementHandler.java:52)
at jdk.proxy2/jdk.proxy2.$Proxy35.click(Unknown Source)
at com.dsalgo.qa.pages.HomePage.selectValueFromdropdown(HomePage.java:162)
at com.dsalgo.qa.testcase.HomePageTest.UserSelectValueFromDropdownClickGetStartedWithoutLoginGetErrorMsg(HomePageTest.java:93)
at java.base/java.util.ArrayList.forEach(ArrayList.java:1511)
... Removed 36 stack frames]]>
    </failure>
  </testcase> <!-- UserSelectValueFromDropdownClickGetStartedWithoutLoginGetErrorMsg -->
  <testcase classname="com.dsalgo.qa.testcase.RegisterPageTest" name="ClickRegisterBtnWithDifferentPasswordsTest" time="0.419"/>
  <testcase classname="com.dsalgo.qa.testcase.RegisterPageTest" name="ClickRegisterBtnWithEmptyFieldsTest" time="0.076"/>
  <testcase classname="com.dsalgo.qa.testcase.RegisterPageTest" name="RegisterErrorEmptyfieldBelowPasswordTxtbox" time="0.172"/>
  <testcase classname="com.dsalgo.qa.testcase.RegisterPageTest" name="RegisterNewUserTest" time="0.506"/>
  <testcase classname="com.dsalgo.qa.testcase.RegisterPageTest" name="VerifyUserLandedRegisterPageTest" time="0.009"/>
  <testcase classname="com.dsalgo.qa.testcase.SignInPageTest" name="ClickRegisterLnkSignInPageValidationTest" time="0.144"/>
  <testcase classname="com.dsalgo.qa.testcase.SignInPageTest" name="ClickSignoutLnkValidationTest" time="0.578"/>
  <testcase classname="com.dsalgo.qa.testcase.SignInPageTest" name="LoginUserwithValidCredentialsValidationTest" time="0.442"/>
  <testcase classname="com.dsalgo.qa.testcase.SignInPageTest" name="VerifyUserLogin" time="0.011">
    <failure type="java.lang.AssertionError" message="expected [https://dsportalapp.herokuapp.com/logins] but found [https://dsportalapp.herokuapp.com/login]">
      <![CDATA[java.lang.AssertionError: expected [https://dsportalapp.herokuapp.com/logins] but found [https://dsportalapp.herokuapp.com/login]
at com.dsalgo.qa.testcase.SignInPageTest.VerifyUserLogin(SignInPageTest.java:65)
at java.base/java.util.ArrayList.forEach(ArrayList.java:1511)
... Removed 33 stack frames]]>
    </failure>
  </testcase> <!-- VerifyUserLogin -->
  <testcase classname="com.dsalgo.qa.testcase.SignInPageTest" name="LoginUserWithInvalidCredentialsValidationTest" time="0.335"/>
  <testcase classname="com.dsalgo.qa.testcase.DataStructurePageTest" name="DataStructureValidationTest" time="1.92"/>
  <testcase classname="com.dsalgo.qa.testcase.ArrayPageTest" name="ArrayPageValidationTest" time="2.96"/>
  <testcase classname="com.dsalgo.qa.testcase.TreePageTest" name="TreePageValidationTest" time="2.803"/>
  <testcase classname="com.dsalgo.qa.testcase.GraphPageTest" name="GraphPageValidationTest" time="2.832"/>
  <testcase classname="com.dsalgo.qa.testcase.LinkedListPageTest" name="VerifyUserLandedLinkedListPage" time="2.932"/>
  <testcase classname="com.dsalgo.qa.testcase.QueuePageTest" name="VerifyUserLandedPage" time="2.805"/>
  <testcase classname="com.dsalgo.qa.testcase.StackPageTest" name="VerifyUserLandedStackPage" time="2.758"/>
</testsuite> <!-- Test -->
