<!DOCTYPE html PUBLIC "-//W3C//DTD XHTML 1.1//EN" "https://www.w3.org/TR/xhtml11/DTD/xhtml11.dtd">
<html xmlns="https://www.w3.org/1999/xhtml">
<head>
<meta http-equiv="content-type" content="text/html; charset=UTF-8"/>
<title>TestNG Report</title>
<style type="text/css">table {margin-bottom:10px;border-collapse:collapse;empty-cells:show}th,td {border:1px solid #009;padding:.25em .5em}th {vertical-align:bottom}td {vertical-align:top}table a {font-weight:bold}.stripe td {background-color: #E6EBF9}.num {text-align:right}.passedodd td {background-color: #3F3}.passedeven td {background-color: #0A0}.skippedodd td {background-color: #DDD}.skippedeven td {background-color: #CCC}.failedodd td,.attn {background-color: #F33}.failedeven td,.stripe .attn {background-color: #D00}.stacktrace {white-space:pre;font-family:monospace}.totop {font-size:85%;text-align:center;border-bottom:2px solid #000}.invisible {display:none}</style>
</head>
<body>
<table>
<tr><th>Test</th><th># Passed</th><th># Skipped</th><th># Retried</th><th># Failed</th><th>Time (ms)</th><th>Included Groups</th><th>Excluded Groups</th></tr>
<tr><th colspan="8">Suite</th></tr>
<tr><td><a href="#t0">Test</a></td><td class="num">22</td><td class="num">0</td><td class="num">0</td><td class="num attn">2</td><td class="num">700,055</td><td></td><td></td></tr>
</table>
<table id='summary'><thead><tr><th>Class</th><th>Method</th><th>Start</th><th>Time (ms)</th></tr></thead><tbody><tr><th colspan="4">Suite</th></tr></tbody><tbody id="t0"><tr><th colspan="4">Test &#8212; failed</th></tr><tr class="failedeven"><td rowspan="1">com.dsalgo.qa.testcase.HomePageTest</td><td><a href="#m0">UserSelectValueFromDropdownClickGetStartedWithoutLoginGetErrorMsg</a></td><td rowspan="1">1686527125305</td><td rowspan="1">10540</td></tr><tr class="failedodd"><td rowspan="1">com.dsalgo.qa.testcase.SignInPageTest</td><td><a href="#m1">VerifyUserLogin</a></td><td rowspan="1">1686527241984</td><td rowspan="1">87</td></tr><tr><th colspan="4">Test &#8212; passed</th></tr><tr class="passedeven"><td rowspan="1">com.dsalgo.qa.testcase.ArrayPageTest</td><td><a href="#m2">ArrayPageValidationTest</a></td><td rowspan="1">1686527290272</td><td rowspan="1">32683</td></tr><tr class="passedodd"><td rowspan="1">com.dsalgo.qa.testcase.DataStructurePageTest</td><td><a href="#m3">DataStructureValidationTest</a></td><td rowspan="1">1686527452492</td><td rowspan="1">10137</td></tr><tr class="passedeven"><td rowspan="2">com.dsalgo.qa.testcase.GetStartedTest</td><td><a href="#m4">getStartedButtonClickTest</a></td><td rowspan="1">1686527473455</td><td rowspan="1">1833</td></tr><tr class="passedeven"><td><a href="#m5">validateUserLandingHomePageTest</a></td><td rowspan="1">1686527482946</td><td rowspan="1">71</td></tr><tr class="passedodd"><td rowspan="1">com.dsalgo.qa.testcase.GraphPageTest</td><td><a href="#m6">GraphPageValidationTest</a></td><td rowspan="1">1686527522671</td><td rowspan="1">14788</td></tr><tr class="passedeven"><td rowspan="4">com.dsalgo.qa.testcase.HomePageTest</td><td><a href="#m7">UserClicksGetStartedBtnWithoutLoginGetErrorMsg</a></td><td rowspan="1">1686527106064</td><td rowspan="1">2368</td></tr><tr class="passedeven"><td><a href="#m8">ValidateUserLandedLoginPageClickingLoginBtn</a></td><td rowspan="1">1686527032502</td><td rowspan="1">3942</td></tr><tr class="passedeven"><td><a href="#m9">ValidateUserLandedRegisterPageClickingRegisterBtn</a></td><td rowspan="1">1686527070091</td><td rowspan="1">3098</td></tr><tr class="passedeven"><td><a href="#m10">VerifyUserLandedHomePageTest</a></td><td rowspan="1">1686527007834</td><td rowspan="1">3424</td></tr><tr class="passedodd"><td rowspan="1">com.dsalgo.qa.testcase.LinkedListPageTest</td><td><a href="#m11">VerifyUserLandedLinkedListPage</a></td><td rowspan="1">1686527549563</td><td rowspan="1">15188</td></tr><tr class="passedeven"><td rowspan="1">com.dsalgo.qa.testcase.QueuePageTest</td><td><a href="#m12">VerifyUserLandedPage</a></td><td rowspan="1">1686527576748</td><td rowspan="1">15642</td></tr><tr class="passedodd"><td rowspan="5">com.dsalgo.qa.testcase.RegisterPageTest</td><td><a href="#m13">ClickRegisterBtnWithDifferentPasswordsTest</a></td><td rowspan="1">1686527350470</td><td rowspan="1">3358</td></tr><tr class="passedodd"><td><a href="#m14">ClickRegisterBtnWithEmptyFieldsTest</a></td><td rowspan="1">1686527371148</td><td rowspan="1">907</td></tr><tr class="passedodd"><td><a href="#m15">RegisterErrorEmptyfieldBelowPasswordTxtbox</a></td><td rowspan="1">1686527393537</td><td rowspan="1">1393</td></tr><tr class="passedodd"><td><a href="#m16">RegisterNewUserTest</a></td><td rowspan="1">1686527414799</td><td rowspan="1">6210</td></tr><tr class="passedodd"><td><a href="#m17">VerifyUserLandedRegisterPageTest</a></td><td rowspan="1">1686527436178</td><td rowspan="1">116</td></tr><tr class="passedeven"><td rowspan="4">com.dsalgo.qa.testcase.SignInPageTest</td><td><a href="#m18">ClickRegisterLnkSignInPageValidationTest</a></td><td rowspan="1">1686527155790</td><td rowspan="1">1515</td></tr><tr class="passedeven"><td><a href="#m19">ClickSignoutLnkValidationTest</a></td><td rowspan="1">1686527185192</td><td rowspan="1">5863</td></tr><tr class="passedeven"><td><a href="#m20">LoginUserWithInvalidCredentialsValidationTest</a></td><td rowspan="1">1686527257775</td><td rowspan="1">2779</td></tr><tr class="passedeven"><td><a href="#m21">LoginUserwithValidCredentialsValidationTest</a></td><td rowspan="1">1686527217246</td><td rowspan="1">3512</td></tr><tr class="passedodd"><td rowspan="1">com.dsalgo.qa.testcase.StackPageTest</td><td><a href="#m22">VerifyUserLandedStackPage</a></td><td rowspan="1">1686527610389</td><td rowspan="1">16233</td></tr><tr class="passedeven"><td rowspan="1">com.dsalgo.qa.testcase.TreePageTest</td><td><a href="#m23">TreePageValidationTest</a></td><td rowspan="1">1686527494616</td><td rowspan="1">15587</td></tr></tbody>
</table>
<h2>Test</h2><h3 id="m0">com.dsalgo.qa.testcase.HomePageTest#UserSelectValueFromDropdownClickGetStartedWithoutLoginGetErrorMsg</h3><table class="result"><tr><th>Exception</th></tr><tr><td><div class="stacktrace">org.openqa.selenium.ElementNotInteractableException: element not interactable
  (Session info: chrome=114.0.5735.110)
Build info: version: &apos;4.6.0&apos;, revision: &apos;79f1c02ae20&apos;
System info: os.name: &apos;Windows 10&apos;, os.arch: &apos;amd64&apos;, os.version: &apos;10.0&apos;, java.version: &apos;18.0.1.1&apos;
Driver info: org.openqa.selenium.chrome.ChromeDriver
Command: [97acbca79c87fa3e6c4b977598580ddf, clickElement {id=45E192B2A6EDEE426D684A8399E27ED4_element_7}]
Capabilities {acceptInsecureCerts: false, browserName: chrome, browserVersion: 114.0.5735.110, chrome: {chromedriverVersion: 114.0.5735.90 (386bc09e8f4f..., userDataDir: C:\Users\venka\AppData\Loca...}, goog:chromeOptions: {debuggerAddress: localhost:56187}, networkConnectionEnabled: false, pageLoadStrategy: normal, platformName: WINDOWS, proxy: Proxy(), se:cdp: ws://localhost:56187/devtoo..., se:cdpVersion: 114.0.5735.110, setWindowRect: true, strictFileInteractability: false, timeouts: {implicit: 0, pageLoad: 300000, script: 30000}, unhandledPromptBehavior: dismiss and notify, webauthn:extension:credBlob: true, webauthn:extension:largeBlob: true, webauthn:extension:minPinLength: true, webauthn:extension:prf: true, webauthn:virtualAuthenticators: true}
Element: [[ChromeDriver: chrome on WINDOWS (97acbca79c87fa3e6c4b977598580ddf)] -&gt; xpath: //a[@class=&apos;dropdown-item&apos; and @href=&apos;/array&apos;]]
Session ID: 97acbca79c87fa3e6c4b977598580ddf
	at org.openqa.selenium.remote.codec.w3c.W3CHttpResponseCodec.createException(W3CHttpResponseCodec.java:200)
	at org.openqa.selenium.remote.codec.w3c.W3CHttpResponseCodec.decode(W3CHttpResponseCodec.java:133)
	at org.openqa.selenium.remote.codec.w3c.W3CHttpResponseCodec.decode(W3CHttpResponseCodec.java:53)
	at org.openqa.selenium.remote.HttpCommandExecutor.execute(HttpCommandExecutor.java:184)
	at org.openqa.selenium.remote.service.DriverCommandExecutor.invokeExecute(DriverCommandExecutor.java:167)
	at org.openqa.selenium.remote.service.DriverCommandExecutor.execute(DriverCommandExecutor.java:142)
	at org.openqa.selenium.remote.RemoteWebDriver.execute(RemoteWebDriver.java:541)
	at org.openqa.selenium.remote.RemoteWebElement.execute(RemoteWebElement.java:257)
	at org.openqa.selenium.remote.RemoteWebElement.click(RemoteWebElement.java:78)
	at org.openqa.selenium.support.pagefactory.internal.LocatingElementHandler.invoke(LocatingElementHandler.java:52)
	at jdk.proxy2/jdk.proxy2.$Proxy35.click(Unknown Source)
	at com.dsalgo.qa.pages.HomePage.selectValueFromdropdown(HomePage.java:162)
	at com.dsalgo.qa.testcase.HomePageTest.UserSelectValueFromDropdownClickGetStartedWithoutLoginGetErrorMsg(HomePageTest.java:93)
	at java.base/java.util.ArrayList.forEach(ArrayList.java:1511)
... Removed 30 stack frames</div></td></tr></table><p class="totop"><a href="#summary">back to summary</a></p>
<h3 id="m1">com.dsalgo.qa.testcase.SignInPageTest#VerifyUserLogin</h3><table class="result"><tr><th>Exception</th></tr><tr><td><div class="stacktrace">java.lang.AssertionError: expected [https://dsportalapp.herokuapp.com/logins] but found [https://dsportalapp.herokuapp.com/login]
	at com.dsalgo.qa.testcase.SignInPageTest.VerifyUserLogin(SignInPageTest.java:65)
	at java.base/java.util.ArrayList.forEach(ArrayList.java:1511)
... Removed 31 stack frames</div></td></tr></table><p class="totop"><a href="#summary">back to summary</a></p>
<h3 id="m2">com.dsalgo.qa.testcase.ArrayPageTest#ArrayPageValidationTest</h3><table class="result"><tr class="param"><th>Parameter #1</th><th>Parameter #2</th></tr><tr class="param stripe"><td>dsalgoproject81</td><td>Project321@</td></tr></table><p class="totop"><a href="#summary">back to summary</a></p>
<h3 id="m3">com.dsalgo.qa.testcase.DataStructurePageTest#DataStructureValidationTest</h3><table class="result"><tr class="param"><th>Parameter #1</th><th>Parameter #2</th></tr><tr class="param stripe"><td>dsalgoproject81</td><td>Project321@</td></tr></table><p class="totop"><a href="#summary">back to summary</a></p>
<h3 id="m4">com.dsalgo.qa.testcase.GetStartedTest#getStartedButtonClickTest</h3><table class="result"><tr><th class="invisible"/></tr></table><p class="totop"><a href="#summary">back to summary</a></p>
<h3 id="m5">com.dsalgo.qa.testcase.GetStartedTest#validateUserLandingHomePageTest</h3><table class="result"><tr><th class="invisible"/></tr></table><p class="totop"><a href="#summary">back to summary</a></p>
<h3 id="m6">com.dsalgo.qa.testcase.GraphPageTest#GraphPageValidationTest</h3><table class="result"><tr class="param"><th>Parameter #1</th><th>Parameter #2</th></tr><tr class="param stripe"><td>dsalgoproject81</td><td>Project321@</td></tr></table><p class="totop"><a href="#summary">back to summary</a></p>
<h3 id="m7">com.dsalgo.qa.testcase.HomePageTest#UserClicksGetStartedBtnWithoutLoginGetErrorMsg</h3><table class="result"><tr><th class="invisible"/></tr></table><p class="totop"><a href="#summary">back to summary</a></p>
<h3 id="m8">com.dsalgo.qa.testcase.HomePageTest#ValidateUserLandedLoginPageClickingLoginBtn</h3><table class="result"><tr><th class="invisible"/></tr></table><p class="totop"><a href="#summary">back to summary</a></p>
<h3 id="m9">com.dsalgo.qa.testcase.HomePageTest#ValidateUserLandedRegisterPageClickingRegisterBtn</h3><table class="result"><tr><th class="invisible"/></tr></table><p class="totop"><a href="#summary">back to summary</a></p>
<h3 id="m10">com.dsalgo.qa.testcase.HomePageTest#VerifyUserLandedHomePageTest</h3><table class="result"><tr><th class="invisible"/></tr></table><p class="totop"><a href="#summary">back to summary</a></p>
<h3 id="m11">com.dsalgo.qa.testcase.LinkedListPageTest#VerifyUserLandedLinkedListPage</h3><table class="result"><tr class="param"><th>Parameter #1</th><th>Parameter #2</th></tr><tr class="param stripe"><td>dsalgoproject81</td><td>Project321@</td></tr></table><p class="totop"><a href="#summary">back to summary</a></p>
<h3 id="m12">com.dsalgo.qa.testcase.QueuePageTest#VerifyUserLandedPage</h3><table class="result"><tr class="param"><th>Parameter #1</th><th>Parameter #2</th></tr><tr class="param stripe"><td>dsalgoproject81</td><td>Project321@</td></tr></table><p class="totop"><a href="#summary">back to summary</a></p>
<h3 id="m13">com.dsalgo.qa.testcase.RegisterPageTest#ClickRegisterBtnWithDifferentPasswordsTest</h3><table class="result"><tr class="param"><th>Parameter #1</th><th>Parameter #2</th><th>Parameter #3</th></tr><tr class="param stripe"><td>dsalgoproject81</td><td>Project321@</td><td>Project321@</td></tr></table><p class="totop"><a href="#summary">back to summary</a></p>
<h3 id="m14">com.dsalgo.qa.testcase.RegisterPageTest#ClickRegisterBtnWithEmptyFieldsTest</h3><table class="result"><tr><th class="invisible"/></tr></table><p class="totop"><a href="#summary">back to summary</a></p>
<h3 id="m15">com.dsalgo.qa.testcase.RegisterPageTest#RegisterErrorEmptyfieldBelowPasswordTxtbox</h3><table class="result"><tr class="param"><th>Parameter #1</th><th>Parameter #2</th><th>Parameter #3</th></tr><tr class="param stripe"><td>dsalgoproject81</td><td>Project321@</td><td>Project321@</td></tr></table><p class="totop"><a href="#summary">back to summary</a></p>
<h3 id="m16">com.dsalgo.qa.testcase.RegisterPageTest#RegisterNewUserTest</h3><table class="result"><tr class="param"><th>Parameter #1</th><th>Parameter #2</th><th>Parameter #3</th></tr><tr class="param stripe"><td>dsalgoproject81</td><td>Project321@</td><td>Project321@</td></tr></table><p class="totop"><a href="#summary">back to summary</a></p>
<h3 id="m17">com.dsalgo.qa.testcase.RegisterPageTest#VerifyUserLandedRegisterPageTest</h3><table class="result"><tr><th class="invisible"/></tr></table><p class="totop"><a href="#summary">back to summary</a></p>
<h3 id="m18">com.dsalgo.qa.testcase.SignInPageTest#ClickRegisterLnkSignInPageValidationTest</h3><table class="result"><tr><th class="invisible"/></tr></table><p class="totop"><a href="#summary">back to summary</a></p>
<h3 id="m19">com.dsalgo.qa.testcase.SignInPageTest#ClickSignoutLnkValidationTest</h3><table class="result"><tr class="param"><th>Parameter #1</th><th>Parameter #2</th></tr><tr class="param stripe"><td>dsalgoproject81</td><td>Project321@</td></tr></table><p class="totop"><a href="#summary">back to summary</a></p>
<h3 id="m20">com.dsalgo.qa.testcase.SignInPageTest#LoginUserWithInvalidCredentialsValidationTest</h3><table class="result"><tr class="param"><th>Parameter #1</th><th>Parameter #2</th></tr><tr class="param stripe"><td>dsalgoproject81</td><td>Project321@</td></tr></table><p class="totop"><a href="#summary">back to summary</a></p>
<h3 id="m21">com.dsalgo.qa.testcase.SignInPageTest#LoginUserwithValidCredentialsValidationTest</h3><table class="result"><tr class="param"><th>Parameter #1</th><th>Parameter #2</th></tr><tr class="param stripe"><td>dsalgoproject81</td><td>Project321@</td></tr></table><p class="totop"><a href="#summary">back to summary</a></p>
<h3 id="m22">com.dsalgo.qa.testcase.StackPageTest#VerifyUserLandedStackPage</h3><table class="result"><tr class="param"><th>Parameter #1</th><th>Parameter #2</th></tr><tr class="param stripe"><td>dsalgoproject81</td><td>Project321@</td></tr></table><p class="totop"><a href="#summary">back to summary</a></p>
<h3 id="m23">com.dsalgo.qa.testcase.TreePageTest#TreePageValidationTest</h3><table class="result"><tr class="param"><th>Parameter #1</th><th>Parameter #2</th></tr><tr class="param stripe"><td>dsalgoproject81</td><td>Project321@</td></tr></table><p class="totop"><a href="#summary">back to summary</a></p>
</body>
</html>
