{"uid":"4c2a43a3358660d7","name":"Verifying user landed on home page after clicking on Get Started button","fullName":"com.dsalgo.qa.testcase.HomePageTest.VerifyUserLandedHomePageTest","historyId":"8b3b36dd6f45098a8bd597ddc6f556f9","time":{"start":1686547244142,"stop":1686547244159,"duration":17},"description":"Verifying user landed on home page after clicking on Get Started button","descriptionHtml":"<p>Verifying user landed on home page after clicking on Get Started button</p>\n","status":"skipped","statusMessage":"Unable to establish websocket connection to http://localhost:60635/devtools/browser/377495a6-ca20-4dc8-8908-42be5e731a01\nBuild info: version: '4.6.0', revision: '79f1c02ae20'\nSystem info: os.name: 'Windows 10', os.arch: 'amd64', os.version: '10.0', java.version: '11.0.18'\nDriver info: driver.version: ChromeDriver","statusTrace":"org.openqa.selenium.remote.http.ConnectionFailedException: Unable to establish websocket connection to http://localhost:60635/devtools/browser/377495a6-ca20-4dc8-8908-42be5e731a01\nBuild info: version: '4.6.0', revision: '79f1c02ae20'\nSystem info: os.name: 'Windows 10', os.arch: 'amd64', os.version: '10.0', java.version: '11.0.18'\nDriver info: driver.version: ChromeDriver\r\n\tat org.openqa.selenium.remote.http.netty.NettyWebSocket.<init>(NettyWebSocket.java:102)\r\n\tat org.openqa.selenium.remote.http.netty.NettyWebSocket.lambda$create$3(NettyWebSocket.java:128)\r\n\tat org.openqa.selenium.remote.http.netty.NettyClient.openSocket(NettyClient.java:107)\r\n\tat org.openqa.selenium.devtools.Connection.<init>(Connection.java:77)\r\n\tat org.openqa.selenium.chromium.ChromiumDriver.lambda$new$2(ChromiumDriver.java:116)\r\n\tat java.base/java.util.Optional.map(Optional.java:265)\r\n\tat org.openqa.selenium.chromium.ChromiumDriver.<init>(ChromiumDriver.java:114)\r\n\tat org.openqa.selenium.chrome.ChromeDriver.<init>(ChromeDriver.java:81)\r\n\tat org.openqa.selenium.chrome.ChromeDriver.<init>(ChromeDriver.java:49)\r\n\tat com.dsalgo.qa.base.TestBase.initilization(TestBase.java:63)\r\n\tat com.dsalgo.qa.testcase.HomePageTest.setup(HomePageTest.java:36)\r\n\tat java.base/jdk.internal.reflect.NativeMethodAccessorImpl.invoke0(Native Method)\r\n\tat java.base/jdk.internal.reflect.NativeMethodAccessorImpl.invoke(NativeMethodAccessorImpl.java:62)\r\n\tat java.base/jdk.internal.reflect.DelegatingMethodAccessorImpl.invoke(DelegatingMethodAccessorImpl.java:43)\r\n\tat java.base/java.lang.reflect.Method.invoke(Method.java:566)\r\n\tat org.testng.internal.invokers.MethodInvocationHelper.invokeMethod(MethodInvocationHelper.java:139)\r\n\tat org.testng.internal.invokers.MethodInvocationHelper.invokeMethodConsideringTimeout(MethodInvocationHelper.java:69)\r\n\tat org.testng.internal.invokers.ConfigInvoker.invokeConfigurationMethod(ConfigInvoker.java:361)\r\n\tat org.testng.internal.invokers.ConfigInvoker.invokeConfigurations(ConfigInvoker.java:296)\r\n\tat org.testng.internal.invokers.TestInvoker.runConfigMethods(TestInvoker.java:816)\r\n\tat org.testng.internal.invokers.TestInvoker.invokeMethod(TestInvoker.java:590)\r\n\tat org.testng.internal.invokers.TestInvoker.invokeTestMethod(TestInvoker.java:221)\r\n\tat org.testng.internal.invokers.MethodRunner.runInSequence(MethodRunner.java:50)\r\n\tat org.testng.internal.invokers.TestInvoker$MethodInvocationAgent.invoke(TestInvoker.java:962)\r\n\tat org.testng.internal.invokers.TestInvoker.invokeTestMethods(TestInvoker.java:194)\r\n\tat org.testng.internal.invokers.TestMethodWorker.invokeTestMethods(TestMethodWorker.java:148)\r\n\tat org.testng.internal.invokers.TestMethodWorker.run(TestMethodWorker.java:128)\r\n\tat java.base/java.util.ArrayList.forEach(ArrayList.java:1541)\r\n\tat org.testng.TestRunner.privateRun(TestRunner.java:806)\r\n\tat org.testng.TestRunner.run(TestRunner.java:601)\r\n\tat org.testng.SuiteRunner.runTest(SuiteRunner.java:433)\r\n\tat org.testng.SuiteRunner.runSequentially(SuiteRunner.java:427)\r\n\tat org.testng.SuiteRunner.privateRun(SuiteRunner.java:387)\r\n\tat org.testng.SuiteRunner.run(SuiteRunner.java:330)\r\n\tat org.testng.SuiteRunnerWorker.runSuite(SuiteRunnerWorker.java:52)\r\n\tat org.testng.SuiteRunnerWorker.run(SuiteRunnerWorker.java:95)\r\n\tat org.testng.TestNG.runSuitesSequentially(TestNG.java:1256)\r\n\tat org.testng.TestNG.runSuitesLocally(TestNG.java:1176)\r\n\tat org.testng.TestNG.runSuites(TestNG.java:1099)\r\n\tat org.testng.TestNG.run(TestNG.java:1067)\r\n\tat org.apache.maven.surefire.testng.TestNGExecutor.run(TestNGExecutor.java:283)\r\n\tat org.apache.maven.surefire.testng.TestNGXmlTestSuite.execute(TestNGXmlTestSuite.java:75)\r\n\tat org.apache.maven.surefire.testng.TestNGProvider.invoke(TestNGProvider.java:120)\r\n\tat org.apache.maven.surefire.booter.ForkedBooter.invokeProviderInSameClassLoader(ForkedBooter.java:386)\r\n\tat org.apache.maven.surefire.booter.ForkedBooter.runSuitesInProcess(ForkedBooter.java:323)\r\n\tat org.apache.maven.surefire.booter.ForkedBooter.main(ForkedBooter.java:143)\r\n","flaky":false,"newFailed":false,"newBroken":false,"newPassed":false,"retriesCount":7,"retriesStatusChange":true,"beforeStages":[{"name":"setup","time":{"start":1686547158387,"stop":1686547239202,"duration":80815},"description":"","status":"broken","statusMessage":"Unable to establish websocket connection to http://localhost:60635/devtools/browser/377495a6-ca20-4dc8-8908-42be5e731a01\nBuild info: version: '4.6.0', revision: '79f1c02ae20'\nSystem info: os.name: 'Windows 10', os.arch: 'amd64', os.version: '10.0', java.version: '11.0.18'\nDriver info: driver.version: ChromeDriver","statusTrace":"org.openqa.selenium.remote.http.ConnectionFailedException: Unable to establish websocket connection to http://localhost:60635/devtools/browser/377495a6-ca20-4dc8-8908-42be5e731a01\nBuild info: version: '4.6.0', revision: '79f1c02ae20'\nSystem info: os.name: 'Windows 10', os.arch: 'amd64', os.version: '10.0', java.version: '11.0.18'\nDriver info: driver.version: ChromeDriver\r\n\tat org.openqa.selenium.remote.http.netty.NettyWebSocket.<init>(NettyWebSocket.java:102)\r\n\tat org.openqa.selenium.remote.http.netty.NettyWebSocket.lambda$create$3(NettyWebSocket.java:128)\r\n\tat org.openqa.selenium.remote.http.netty.NettyClient.openSocket(NettyClient.java:107)\r\n\tat org.openqa.selenium.devtools.Connection.<init>(Connection.java:77)\r\n\tat org.openqa.selenium.chromium.ChromiumDriver.lambda$new$2(ChromiumDriver.java:116)\r\n\tat java.base/java.util.Optional.map(Optional.java:265)\r\n\tat org.openqa.selenium.chromium.ChromiumDriver.<init>(ChromiumDriver.java:114)\r\n\tat org.openqa.selenium.chrome.ChromeDriver.<init>(ChromeDriver.java:81)\r\n\tat org.openqa.selenium.chrome.ChromeDriver.<init>(ChromeDriver.java:49)\r\n\tat com.dsalgo.qa.base.TestBase.initilization(TestBase.java:63)\r\n\tat com.dsalgo.qa.testcase.HomePageTest.setup(HomePageTest.java:36)\r\n\tat java.base/jdk.internal.reflect.NativeMethodAccessorImpl.invoke0(Native Method)\r\n\tat java.base/jdk.internal.reflect.NativeMethodAccessorImpl.invoke(NativeMethodAccessorImpl.java:62)\r\n\tat java.base/jdk.internal.reflect.DelegatingMethodAccessorImpl.invoke(DelegatingMethodAccessorImpl.java:43)\r\n\tat java.base/java.lang.reflect.Method.invoke(Method.java:566)\r\n\tat org.testng.internal.invokers.MethodInvocationHelper.invokeMethod(MethodInvocationHelper.java:139)\r\n\tat org.testng.internal.invokers.MethodInvocationHelper.invokeMethodConsideringTimeout(MethodInvocationHelper.java:69)\r\n\tat org.testng.internal.invokers.ConfigInvoker.invokeConfigurationMethod(ConfigInvoker.java:361)\r\n\tat org.testng.internal.invokers.ConfigInvoker.invokeConfigurations(ConfigInvoker.java:296)\r\n\tat org.testng.internal.invokers.TestInvoker.runConfigMethods(TestInvoker.java:816)\r\n\tat org.testng.internal.invokers.TestInvoker.invokeMethod(TestInvoker.java:590)\r\n\tat org.testng.internal.invokers.TestInvoker.invokeTestMethod(TestInvoker.java:221)\r\n\tat org.testng.internal.invokers.MethodRunner.runInSequence(MethodRunner.java:50)\r\n\tat org.testng.internal.invokers.TestInvoker$MethodInvocationAgent.invoke(TestInvoker.java:962)\r\n\tat org.testng.internal.invokers.TestInvoker.invokeTestMethods(TestInvoker.java:194)\r\n\tat org.testng.internal.invokers.TestMethodWorker.invokeTestMethods(TestMethodWorker.java:148)\r\n\tat org.testng.internal.invokers.TestMethodWorker.run(TestMethodWorker.java:128)\r\n\tat java.base/java.util.ArrayList.forEach(ArrayList.java:1541)\r\n\tat org.testng.TestRunner.privateRun(TestRunner.java:806)\r\n\tat org.testng.TestRunner.run(TestRunner.java:601)\r\n\tat org.testng.SuiteRunner.runTest(SuiteRunner.java:433)\r\n\tat org.testng.SuiteRunner.runSequentially(SuiteRunner.java:427)\r\n\tat org.testng.SuiteRunner.privateRun(SuiteRunner.java:387)\r\n\tat org.testng.SuiteRunner.run(SuiteRunner.java:330)\r\n\tat org.testng.SuiteRunnerWorker.runSuite(SuiteRunnerWorker.java:52)\r\n\tat org.testng.SuiteRunnerWorker.run(SuiteRunnerWorker.java:95)\r\n\tat org.testng.TestNG.runSuitesSequentially(TestNG.java:1256)\r\n\tat org.testng.TestNG.runSuitesLocally(TestNG.java:1176)\r\n\tat org.testng.TestNG.runSuites(TestNG.java:1099)\r\n\tat org.testng.TestNG.run(TestNG.java:1067)\r\n\tat org.apache.maven.surefire.testng.TestNGExecutor.run(TestNGExecutor.java:283)\r\n\tat org.apache.maven.surefire.testng.TestNGXmlTestSuite.execute(TestNGXmlTestSuite.java:75)\r\n\tat org.apache.maven.surefire.testng.TestNGProvider.invoke(TestNGProvider.java:120)\r\n\tat org.apache.maven.surefire.booter.ForkedBooter.invokeProviderInSameClassLoader(ForkedBooter.java:386)\r\n\tat org.apache.maven.surefire.booter.ForkedBooter.runSuitesInProcess(ForkedBooter.java:323)\r\n\tat org.apache.maven.surefire.booter.ForkedBooter.main(ForkedBooter.java:143)\r\n","steps":[],"attachments":[],"parameters":[],"shouldDisplayMessage":true,"attachmentsCount":0,"stepsCount":0,"hasContent":true}],"afterStages":[{"name":"tearDown","time":{"start":1686547244178,"stop":1686547244178,"duration":0},"description":"","status":"broken","steps":[],"attachments":[],"parameters":[],"shouldDisplayMessage":false,"attachmentsCount":0,"stepsCount":0,"hasContent":false}],"labels":[{"name":"package","value":"com.dsalgo.qa.testcase.HomePageTest"},{"name":"testClass","value":"com.dsalgo.qa.testcase.HomePageTest"},{"name":"testMethod","value":"VerifyUserLandedHomePageTest"},{"name":"parentSuite","value":"Suite"},{"name":"suite","value":"Test"},{"name":"subSuite","value":"com.dsalgo.qa.testcase.HomePageTest"},{"name":"host","value":"DESKTOP-IACUTLP"},{"name":"thread","value":"12644@DESKTOP-IACUTLP.main(1)"},{"name":"framework","value":"testng"},{"name":"language","value":"java"},{"name":"severity","value":"minor"},{"name":"resultFormat","value":"allure2"}],"parameters":[],"links":[],"hidden":false,"retry":false,"extra":{"severity":"minor","retries":[{"uid":"4952f9c153db4fc","status":"skipped","statusDetails":"Unable to establish websocket connection to http://localhost:59041/devtools/browser/5e79c35d-9ff4-4292-b0fe-53827cb01479\nBuild info: version: '4.6.0', revision: '79f1c02ae20'\nSystem info: os.name: 'Windows 10', os.arch: 'amd64', os.version: '10.0', java.version: '11.0.18'\nDriver info: driver.version: ChromeDriver","time":{"start":1686545634102,"stop":1686545634113,"duration":11}},{"uid":"fa4046ece6ef197d","status":"skipped","statusDetails":"java.lang.NullPointerException","time":{"start":1686544586005,"stop":1686544586014,"duration":9}},{"uid":"ccafff11514124da","status":"skipped","statusDetails":"java.lang.NullPointerException","time":{"start":1686529703981,"stop":1686529703984,"duration":3}},{"uid":"34815a47993b294","status":"passed","time":{"start":1682094993868,"stop":1682094993873,"duration":5}},{"uid":"73942895fcf81464","status":"passed","time":{"start":1682023067969,"stop":1682023067973,"duration":4}},{"uid":"4138b2213bfd708c","status":"passed","time":{"start":1682022189534,"stop":1682022189539,"duration":5}},{"uid":"6dfca1bd1aaee4","status":"passed","time":{"start":1682018743187,"stop":1682018743192,"duration":5}}],"categories":[],"history":{"statistic":{"failed":0,"broken":0,"skipped":4,"passed":1,"unknown":0,"total":5},"items":[{"uid":"95dd031a277b353f","reportUrl":"http://localhost:8080/job/JenkinDsAlgoProject/9/allure/#testresult/95dd031a277b353f","status":"skipped","statusDetails":"java.lang.NullPointerException","time":{"start":1686544586005,"stop":1686544586014,"duration":9}},{"uid":"e3eb6f85057dd5f3","reportUrl":"http://localhost:8080/job/JenkinDsAlgoProject/8/allure/#testresult/e3eb6f85057dd5f3","status":"skipped","statusDetails":"java.lang.NullPointerException","time":{"start":1686529703981,"stop":1686529703984,"duration":3}},{"uid":"1f798501ba051337","reportUrl":"http://localhost:8080/job/JenkinDsAlgoProject/7/allure/#testresult/1f798501ba051337","status":"skipped","statusDetails":"java.lang.NullPointerException","time":{"start":1686529703981,"stop":1686529703984,"duration":3}},{"uid":"cd34e5ed074f14f2","reportUrl":"http://localhost:8080/job/JenkinDsAlgoProject/6/allure/#testresult/cd34e5ed074f14f2","status":"passed","time":{"start":1684264341069,"stop":1684264342120,"duration":1051}}]},"tags":[]},"source":"4c2a43a3358660d7.json","parameterValues":[]}