{"uid":"803fd3844f5f904b","name":"GraphPageValidationTest","fullName":"com.dsalgo.qa.testcase.GraphPageTest.GraphPageValidationTest","historyId":"e869ea0089d4b63a9acc39419282c360","time":{"start":1686547481089,"stop":1686547481089,"duration":0},"status":"skipped","statusMessage":"Unable to establish websocket connection to http://localhost:60985/devtools/browser/94ee9d00-5d66-4b54-bb64-1674c3ea3622\nBuild info: version: '4.6.0', revision: '79f1c02ae20'\nSystem info: os.name: 'Windows 10', os.arch: 'amd64', os.version: '10.0', java.version: '11.0.18'\nDriver info: driver.version: ChromeDriver","statusTrace":"org.openqa.selenium.remote.http.ConnectionFailedException: Unable to establish websocket connection to http://localhost:60985/devtools/browser/94ee9d00-5d66-4b54-bb64-1674c3ea3622\nBuild info: version: '4.6.0', revision: '79f1c02ae20'\nSystem info: os.name: 'Windows 10', os.arch: 'amd64', os.version: '10.0', java.version: '11.0.18'\nDriver info: driver.version: ChromeDriver\r\n\tat org.openqa.selenium.remote.http.netty.NettyWebSocket.<init>(NettyWebSocket.java:102)\r\n\tat org.openqa.selenium.remote.http.netty.NettyWebSocket.lambda$create$3(NettyWebSocket.java:128)\r\n\tat org.openqa.selenium.remote.http.netty.NettyClient.openSocket(NettyClient.java:107)\r\n\tat org.openqa.selenium.devtools.Connection.<init>(Connection.java:77)\r\n\tat org.openqa.selenium.chromium.ChromiumDriver.lambda$new$2(ChromiumDriver.java:116)\r\n\tat java.base/java.util.Optional.map(Optional.java:265)\r\n\tat org.openqa.selenium.chromium.ChromiumDriver.<init>(ChromiumDriver.java:114)\r\n\tat org.openqa.selenium.chrome.ChromeDriver.<init>(ChromeDriver.java:81)\r\n\tat org.openqa.selenium.chrome.ChromeDriver.<init>(ChromeDriver.java:49)\r\n\tat com.dsalgo.qa.base.TestBase.initilization(TestBase.java:63)\r\n\tat com.dsalgo.qa.testcase.GraphPageTest.setUp(GraphPageTest.java:44)\r\n\tat java.base/jdk.internal.reflect.NativeMethodAccessorImpl.invoke0(Native Method)\r\n\tat java.base/jdk.internal.reflect.NativeMethodAccessorImpl.invoke(NativeMethodAccessorImpl.java:62)\r\n\tat java.base/jdk.internal.reflect.DelegatingMethodAccessorImpl.invoke(DelegatingMethodAccessorImpl.java:43)\r\n\tat java.base/java.lang.reflect.Method.invoke(Method.java:566)\r\n\tat org.testng.internal.invokers.MethodInvocationHelper.invokeMethod(MethodInvocationHelper.java:139)\r\n\tat org.testng.internal.invokers.MethodInvocationHelper.invokeMethodConsideringTimeout(MethodInvocationHelper.java:69)\r\n\tat org.testng.internal.invokers.ConfigInvoker.invokeConfigurationMethod(ConfigInvoker.java:361)\r\n\tat org.testng.internal.invokers.ConfigInvoker.invokeConfigurations(ConfigInvoker.java:296)\r\n\tat org.testng.internal.invokers.TestInvoker.runConfigMethods(TestInvoker.java:816)\r\n\tat org.testng.internal.invokers.TestInvoker.invokeMethod(TestInvoker.java:590)\r\n\tat org.testng.internal.invokers.TestInvoker.invokeTestMethod(TestInvoker.java:221)\r\n\tat org.testng.internal.invokers.MethodRunner.runInSequence(MethodRunner.java:50)\r\n\tat org.testng.internal.invokers.TestInvoker$MethodInvocationAgent.invoke(TestInvoker.java:962)\r\n\tat org.testng.internal.invokers.TestInvoker.invokeTestMethods(TestInvoker.java:194)\r\n\tat org.testng.internal.invokers.TestMethodWorker.invokeTestMethods(TestMethodWorker.java:148)\r\n\tat org.testng.internal.invokers.TestMethodWorker.run(TestMethodWorker.java:128)\r\n\tat java.base/java.util.ArrayList.forEach(ArrayList.java:1541)\r\n\tat org.testng.TestRunner.privateRun(TestRunner.java:806)\r\n\tat org.testng.TestRunner.run(TestRunner.java:601)\r\n\tat org.testng.SuiteRunner.runTest(SuiteRunner.java:433)\r\n\tat org.testng.SuiteRunner.runSequentially(SuiteRunner.java:427)\r\n\tat org.testng.SuiteRunner.privateRun(SuiteRunner.java:387)\r\n\tat org.testng.SuiteRunner.run(SuiteRunner.java:330)\r\n\tat org.testng.SuiteRunnerWorker.runSuite(SuiteRunnerWorker.java:52)\r\n\tat org.testng.SuiteRunnerWorker.run(SuiteRunnerWorker.java:95)\r\n\tat org.testng.TestNG.runSuitesSequentially(TestNG.java:1256)\r\n\tat org.testng.TestNG.runSuitesLocally(TestNG.java:1176)\r\n\tat org.testng.TestNG.runSuites(TestNG.java:1099)\r\n\tat org.testng.TestNG.run(TestNG.java:1067)\r\n\tat org.apache.maven.surefire.testng.TestNGExecutor.run(TestNGExecutor.java:283)\r\n\tat org.apache.maven.surefire.testng.TestNGXmlTestSuite.execute(TestNGXmlTestSuite.java:75)\r\n\tat org.apache.maven.surefire.testng.TestNGProvider.invoke(TestNGProvider.java:120)\r\n\tat org.apache.maven.surefire.booter.ForkedBooter.invokeProviderInSameClassLoader(ForkedBooter.java:386)\r\n\tat org.apache.maven.surefire.booter.ForkedBooter.runSuitesInProcess(ForkedBooter.java:323)\r\n\tat org.apache.maven.surefire.booter.ForkedBooter.main(ForkedBooter.java:143)\r\n","flaky":false,"newFailed":false,"newBroken":false,"newPassed":false,"retriesCount":7,"retriesStatusChange":true,"beforeStages":[{"name":"setUp","time":{"start":1686547428671,"stop":1686547478063,"duration":49392},"description":"","status":"broken","statusMessage":"Unable to establish websocket connection to http://localhost:60985/devtools/browser/94ee9d00-5d66-4b54-bb64-1674c3ea3622\nBuild info: version: '4.6.0', revision: '79f1c02ae20'\nSystem info: os.name: 'Windows 10', os.arch: 'amd64', os.version: '10.0', java.version: '11.0.18'\nDriver info: driver.version: ChromeDriver","statusTrace":"org.openqa.selenium.remote.http.ConnectionFailedException: Unable to establish websocket connection to http://localhost:60985/devtools/browser/94ee9d00-5d66-4b54-bb64-1674c3ea3622\nBuild info: version: '4.6.0', revision: '79f1c02ae20'\nSystem info: os.name: 'Windows 10', os.arch: 'amd64', os.version: '10.0', java.version: '11.0.18'\nDriver info: driver.version: ChromeDriver\r\n\tat org.openqa.selenium.remote.http.netty.NettyWebSocket.<init>(NettyWebSocket.java:102)\r\n\tat org.openqa.selenium.remote.http.netty.NettyWebSocket.lambda$create$3(NettyWebSocket.java:128)\r\n\tat org.openqa.selenium.remote.http.netty.NettyClient.openSocket(NettyClient.java:107)\r\n\tat org.openqa.selenium.devtools.Connection.<init>(Connection.java:77)\r\n\tat org.openqa.selenium.chromium.ChromiumDriver.lambda$new$2(ChromiumDriver.java:116)\r\n\tat java.base/java.util.Optional.map(Optional.java:265)\r\n\tat org.openqa.selenium.chromium.ChromiumDriver.<init>(ChromiumDriver.java:114)\r\n\tat org.openqa.selenium.chrome.ChromeDriver.<init>(ChromeDriver.java:81)\r\n\tat org.openqa.selenium.chrome.ChromeDriver.<init>(ChromeDriver.java:49)\r\n\tat com.dsalgo.qa.base.TestBase.initilization(TestBase.java:63)\r\n\tat com.dsalgo.qa.testcase.GraphPageTest.setUp(GraphPageTest.java:44)\r\n\tat java.base/jdk.internal.reflect.NativeMethodAccessorImpl.invoke0(Native Method)\r\n\tat java.base/jdk.internal.reflect.NativeMethodAccessorImpl.invoke(NativeMethodAccessorImpl.java:62)\r\n\tat java.base/jdk.internal.reflect.DelegatingMethodAccessorImpl.invoke(DelegatingMethodAccessorImpl.java:43)\r\n\tat java.base/java.lang.reflect.Method.invoke(Method.java:566)\r\n\tat org.testng.internal.invokers.MethodInvocationHelper.invokeMethod(MethodInvocationHelper.java:139)\r\n\tat org.testng.internal.invokers.MethodInvocationHelper.invokeMethodConsideringTimeout(MethodInvocationHelper.java:69)\r\n\tat org.testng.internal.invokers.ConfigInvoker.invokeConfigurationMethod(ConfigInvoker.java:361)\r\n\tat org.testng.internal.invokers.ConfigInvoker.invokeConfigurations(ConfigInvoker.java:296)\r\n\tat org.testng.internal.invokers.TestInvoker.runConfigMethods(TestInvoker.java:816)\r\n\tat org.testng.internal.invokers.TestInvoker.invokeMethod(TestInvoker.java:590)\r\n\tat org.testng.internal.invokers.TestInvoker.invokeTestMethod(TestInvoker.java:221)\r\n\tat org.testng.internal.invokers.MethodRunner.runInSequence(MethodRunner.java:50)\r\n\tat org.testng.internal.invokers.TestInvoker$MethodInvocationAgent.invoke(TestInvoker.java:962)\r\n\tat org.testng.internal.invokers.TestInvoker.invokeTestMethods(TestInvoker.java:194)\r\n\tat org.testng.internal.invokers.TestMethodWorker.invokeTestMethods(TestMethodWorker.java:148)\r\n\tat org.testng.internal.invokers.TestMethodWorker.run(TestMethodWorker.java:128)\r\n\tat java.base/java.util.ArrayList.forEach(ArrayList.java:1541)\r\n\tat org.testng.TestRunner.privateRun(TestRunner.java:806)\r\n\tat org.testng.TestRunner.run(TestRunner.java:601)\r\n\tat org.testng.SuiteRunner.runTest(SuiteRunner.java:433)\r\n\tat org.testng.SuiteRunner.runSequentially(SuiteRunner.java:427)\r\n\tat org.testng.SuiteRunner.privateRun(SuiteRunner.java:387)\r\n\tat org.testng.SuiteRunner.run(SuiteRunner.java:330)\r\n\tat org.testng.SuiteRunnerWorker.runSuite(SuiteRunnerWorker.java:52)\r\n\tat org.testng.SuiteRunnerWorker.run(SuiteRunnerWorker.java:95)\r\n\tat org.testng.TestNG.runSuitesSequentially(TestNG.java:1256)\r\n\tat org.testng.TestNG.runSuitesLocally(TestNG.java:1176)\r\n\tat org.testng.TestNG.runSuites(TestNG.java:1099)\r\n\tat org.testng.TestNG.run(TestNG.java:1067)\r\n\tat org.apache.maven.surefire.testng.TestNGExecutor.run(TestNGExecutor.java:283)\r\n\tat org.apache.maven.surefire.testng.TestNGXmlTestSuite.execute(TestNGXmlTestSuite.java:75)\r\n\tat org.apache.maven.surefire.testng.TestNGProvider.invoke(TestNGProvider.java:120)\r\n\tat org.apache.maven.surefire.booter.ForkedBooter.invokeProviderInSameClassLoader(ForkedBooter.java:386)\r\n\tat org.apache.maven.surefire.booter.ForkedBooter.runSuitesInProcess(ForkedBooter.java:323)\r\n\tat org.apache.maven.surefire.booter.ForkedBooter.main(ForkedBooter.java:143)\r\n","steps":[],"attachments":[],"parameters":[],"shouldDisplayMessage":true,"attachmentsCount":0,"stepsCount":0,"hasContent":true}],"afterStages":[{"name":"tearDown","time":{"start":1686547482025,"stop":1686547482025,"duration":0},"description":"","status":"broken","steps":[],"attachments":[],"parameters":[],"shouldDisplayMessage":false,"attachmentsCount":0,"stepsCount":0,"hasContent":false}],"labels":[{"name":"package","value":"com.dsalgo.qa.testcase.GraphPageTest"},{"name":"testClass","value":"com.dsalgo.qa.testcase.GraphPageTest"},{"name":"testMethod","value":"GraphPageValidationTest"},{"name":"parentSuite","value":"Suite"},{"name":"suite","value":"Test"},{"name":"subSuite","value":"com.dsalgo.qa.testcase.GraphPageTest"},{"name":"host","value":"DESKTOP-IACUTLP"},{"name":"thread","value":"12644@DESKTOP-IACUTLP.main(1)"},{"name":"framework","value":"testng"},{"name":"language","value":"java"},{"name":"resultFormat","value":"allure2"}],"parameters":[{"name":"arg0","value":"dsalgoproject81"},{"name":"arg1","value":"Project321@"}],"links":[],"hidden":false,"retry":false,"extra":{"severity":"normal","retries":[{"uid":"7851a7294bd07ed6","status":"skipped","statusDetails":"Unable to establish websocket connection to http://localhost:59494/devtools/browser/2f14a488-352f-437e-ad78-30669a214939\nBuild info: version: '4.6.0', revision: '79f1c02ae20'\nSystem info: os.name: 'Windows 10', os.arch: 'amd64', os.version: '10.0', java.version: '11.0.18'\nDriver info: driver.version: ChromeDriver","time":{"start":1686545935720,"stop":1686545935721,"duration":1}},{"uid":"6711747e971de0c9","status":"skipped","statusDetails":"java.lang.NullPointerException","time":{"start":1686544614120,"stop":1686544614121,"duration":1}},{"uid":"ac321783c0290d3","status":"skipped","statusDetails":"java.lang.NullPointerException","time":{"start":1686529762771,"stop":1686529762778,"duration":7}},{"uid":"40286d1f80409165","status":"passed","time":{"start":1682095015822,"stop":1682095018455,"duration":2633}},{"uid":"7997eeaa3b81cd44","status":"passed","time":{"start":1682023090351,"stop":1682023093125,"duration":2774}},{"uid":"5dfd887a21a6eec5","status":"passed","time":{"start":1682022212381,"stop":1682022215201,"duration":2820}},{"uid":"735b8e21c8f8129","status":"passed","time":{"start":1682018765077,"stop":1682018767752,"duration":2675}}],"categories":[],"history":{"statistic":{"failed":0,"broken":0,"skipped":4,"passed":1,"unknown":0,"total":5},"items":[{"uid":"213b2bdd17d564d1","reportUrl":"http://localhost:8080/job/JenkinDsAlgoProject/9/allure/#testresult/213b2bdd17d564d1","status":"skipped","statusDetails":"java.lang.NullPointerException","time":{"start":1686544614120,"stop":1686544614121,"duration":1}},{"uid":"439269ef72e59f1d","reportUrl":"http://localhost:8080/job/JenkinDsAlgoProject/8/allure/#testresult/439269ef72e59f1d","status":"skipped","statusDetails":"java.lang.NullPointerException","time":{"start":1686529762771,"stop":1686529762778,"duration":7}},{"uid":"b028b367ccfe6cc2","reportUrl":"http://localhost:8080/job/JenkinDsAlgoProject/7/allure/#testresult/b028b367ccfe6cc2","status":"skipped","statusDetails":"java.lang.NullPointerException","time":{"start":1686529762771,"stop":1686529762778,"duration":7}},{"uid":"5481926da2d50af5","reportUrl":"http://localhost:8080/job/JenkinDsAlgoProject/6/allure/#testresult/5481926da2d50af5","status":"passed","time":{"start":1684198253007,"stop":1684198271071,"duration":18064}}]},"tags":[]},"source":"803fd3844f5f904b.json","parameterValues":["dsalgoproject81","Project321@"]}